#-----------------------------------------------------------
# Vivado v2019.2 (64-bit)
# SW Build 2708876 on Wed Nov  6 21:40:23 MST 2019
# IP Build 2700528 on Thu Nov  7 00:09:20 MST 2019
# Start of session at: Thu Dec  3 19:58:10 2020
# Process ID: 20936
# Current directory: C:/Users/Hudi/Desktop/SSCproj/SSCProjVivado
# Command line: vivado.exe -gui_launcher_event rodinguilauncherevent29416 C:\Users\Hudi\Desktop\SSCproj\SSCProjVivado\finalProject.xpr
# Log file: C:/Users/Hudi/Desktop/SSCproj/SSCProjVivado/vivado.log
# Journal file: C:/Users/Hudi/Desktop/SSCproj/SSCProjVivado\vivado.jou
#-----------------------------------------------------------
start_gui
open_project C:/Users/Hudi/Desktop/UCshimbat/ProjSSC/finalProject.xpr
INFO: [Project 1-313] Project file moved from 'D:/My Designs - Vivado/proiect github/ProjSSC' since last save.
ERROR: [Project 1-208] No val for DA Elab Attr
Scanning sources...
Finished scanning sources
CRITICAL WARNING: [Project 1-532] XML ERROR: Project Option SimulatorInstallDirModelSim has no valid value
CRITICAL WARNING: [Project 1-532] XML ERROR: Project Option SimulatorInstallDirQuesta has no valid value
CRITICAL WARNING: [Project 1-532] XML ERROR: Project Option SimulatorInstallDirIES has no valid value
CRITICAL WARNING: [Project 1-532] XML ERROR: Project Option SimulatorInstallDirXcelium has no valid value
CRITICAL WARNING: [Project 1-532] XML ERROR: Project Option SimulatorInstallDirVCS has no valid value
CRITICAL WARNING: [Project 1-532] XML ERROR: Project Option SimulatorInstallDirRiviera has no valid value
CRITICAL WARNING: [Project 1-532] XML ERROR: Project Option SimulatorInstallDirActiveHdl has no valid value
WARNING: [Project 1-231] Project 'finalProject.xpr' was created with a future version and may or may not perform reliably with this version of Vivado. It has been opened in read-only mode for the protection of unrecognized data. Use 'File | Save Project As...' if you wish to alter a copy of the project.
INFO: [IP_Flow 19-234] Refreshing IP repositories
INFO: [IP_Flow 19-1704] No user IP repositories specified
INFO: [IP_Flow 19-2313] Loaded Vivado IP repository 'C:/Xilinx/Vivado/2019.2/data/ip'.
open_project: Time (s): cpu = 00:00:20 ; elapsed = 00:00:11 . Memory (MB): peak = 778.020 ; gain = 106.266
ERROR: [Common 17-39] 'open_project' failed due to earlier errors.
update_compile_order -fileset sources_1
exit
INFO: [Common 17-206] Exiting Vivado at Thu Dec  3 19:59:09 2020...
